2017-11-07 16:14:19.843  INFO 13016 --- [main] org.xxpay.XxPayGatewayApplication        : No active profile set, falling back to default profiles: default
2017-11-07 16:14:19.859  INFO 13016 --- [main] ationConfigEmbeddedWebApplicationContext : Refreshing org.springframework.boot.context.embedded.AnnotationConfigEmbeddedWebApplicationContext@6edcad64: startup date [Tue Nov 07 16:14:19 CST 2017]; parent: org.springframework.context.annotation.AnnotationConfigApplicationContext@510f3d34
2017-11-07 16:14:20.910  INFO 13016 --- [main] o.s.cloud.context.scope.GenericScope     : BeanFactory id=c4a3ccd0-2bea-3cf9-b0ee-e8e85ef429a0
2017-11-07 16:14:20.919  INFO 13016 --- [main] f.a.AutowiredAnnotationBeanPostProcessor : JSR-330 'javax.inject.Inject' annotation found and supported for autowiring
2017-11-07 16:14:21.004  INFO 13016 --- [main] trationDelegate$BeanPostProcessorChecker : Bean 'org.springframework.cloud.netflix.metrics.MetricsInterceptorConfiguration$MetricsRestTemplateConfiguration' of type [org.springframework.cloud.netflix.metrics.MetricsInterceptorConfiguration$MetricsRestTemplateConfiguration$$EnhancerBySpringCGLIB$$8e317dc3] is not eligible for getting processed by all BeanPostProcessors (for example: not eligible for auto-proxying)
2017-11-07 16:14:21.129  INFO 13016 --- [main] trationDelegate$BeanPostProcessorChecker : Bean 'org.springframework.cloud.autoconfigure.ConfigurationPropertiesRebinderAutoConfiguration' of type [org.springframework.cloud.autoconfigure.ConfigurationPropertiesRebinderAutoConfiguration$$EnhancerBySpringCGLIB$$781eda7f] is not eligible for getting processed by all BeanPostProcessors (for example: not eligible for auto-proxying)
2017-11-07 16:14:21.447  INFO 13016 --- [main] s.b.c.e.t.TomcatEmbeddedServletContainer : Tomcat initialized with port(s): 3020 (http)
2017-11-07 16:14:21.456  INFO 13016 --- [main] o.apache.catalina.core.StandardService   : Starting service [Tomcat]
2017-11-07 16:14:21.457  INFO 13016 --- [main] org.apache.catalina.core.StandardEngine  : Starting Servlet Engine: Apache Tomcat/8.5.16
2017-11-07 16:14:21.556  INFO 13016 --- [localhost-startStop-1] o.a.c.c.C.[Tomcat].[localhost].[/]       : Initializing Spring embedded WebApplicationContext
2017-11-07 16:14:21.556  INFO 13016 --- [localhost-startStop-1] o.s.web.context.ContextLoader            : Root WebApplicationContext: initialization completed in 1697 ms
2017-11-07 16:14:21.973  INFO 13016 --- [localhost-startStop-1] o.s.b.w.servlet.ServletRegistrationBean  : Mapping servlet: 'zuulServlet' to [/zuul/*]
2017-11-07 16:14:21.994  INFO 13016 --- [localhost-startStop-1] o.s.b.w.servlet.ServletRegistrationBean  : Mapping servlet: 'dispatcherServlet' to [/]
2017-11-07 16:14:21.997  INFO 13016 --- [localhost-startStop-1] o.s.b.w.servlet.FilterRegistrationBean   : Mapping filter: 'metricsFilter' to: [/*]
2017-11-07 16:14:21.998  INFO 13016 --- [localhost-startStop-1] o.s.b.w.servlet.FilterRegistrationBean   : Mapping filter: 'characterEncodingFilter' to: [/*]
2017-11-07 16:14:21.998  INFO 13016 --- [localhost-startStop-1] o.s.b.w.servlet.FilterRegistrationBean   : Mapping filter: 'hiddenHttpMethodFilter' to: [/*]
2017-11-07 16:14:21.998  INFO 13016 --- [localhost-startStop-1] o.s.b.w.servlet.FilterRegistrationBean   : Mapping filter: 'httpPutFormContentFilter' to: [/*]
2017-11-07 16:14:21.998  INFO 13016 --- [localhost-startStop-1] o.s.b.w.servlet.FilterRegistrationBean   : Mapping filter: 'requestContextFilter' to: [/*]
2017-11-07 16:14:21.998  INFO 13016 --- [localhost-startStop-1] o.s.b.w.servlet.FilterRegistrationBean   : Mapping filter: 'webRequestLoggingFilter' to: [/*]
2017-11-07 16:14:21.998  INFO 13016 --- [localhost-startStop-1] o.s.b.w.servlet.FilterRegistrationBean   : Mapping filter: 'applicationContextIdFilter' to: [/*]
2017-11-07 16:14:22.137  WARN 13016 --- [main] c.n.c.sources.URLConfigurationSource     : No URLs will be polled as dynamic configuration sources.
2017-11-07 16:14:22.138  INFO 13016 --- [main] c.n.c.sources.URLConfigurationSource     : To enable URLs as dynamic configuration sources, define System property archaius.configurationSource.additionalUrls or make config.properties available on classpath.
2017-11-07 16:14:22.144  INFO 13016 --- [main] c.netflix.config.DynamicPropertyFactory  : DynamicPropertyFactory is initialized with configuration sources: com.netflix.config.ConcurrentCompositeConfiguration@7c2b6acb
2017-11-07 16:14:22.237  INFO 13016 --- [main] o.s.c.n.zuul.ZuulFilterInitializer       : Starting filter initializer
2017-11-07 16:14:22.674  WARN 13016 --- [main] c.n.c.sources.URLConfigurationSource     : No URLs will be polled as dynamic configuration sources.
2017-11-07 16:14:22.674  INFO 13016 --- [main] c.n.c.sources.URLConfigurationSource     : To enable URLs as dynamic configuration sources, define System property archaius.configurationSource.additionalUrls or make config.properties available on classpath.
2017-11-07 16:14:22.919  INFO 13016 --- [main] s.w.s.m.m.a.RequestMappingHandlerAdapter : Looking for @ControllerAdvice: org.springframework.boot.context.embedded.AnnotationConfigEmbeddedWebApplicationContext@6edcad64: startup date [Tue Nov 07 16:14:19 CST 2017]; parent: org.springframework.context.annotation.AnnotationConfigApplicationContext@510f3d34
2017-11-07 16:14:23.009  INFO 13016 --- [main] s.w.s.m.m.a.RequestMappingHandlerMapping : Mapped "{[/error]}" onto public org.springframework.http.ResponseEntity<java.util.Map<java.lang.String, java.lang.Object>> org.springframework.boot.autoconfigure.web.BasicErrorController.error(javax.servlet.http.HttpServletRequest)
2017-11-07 16:14:23.009  INFO 13016 --- [main] s.w.s.m.m.a.RequestMappingHandlerMapping : Mapped "{[/error],produces=[text/html]}" onto public org.springframework.web.servlet.ModelAndView org.springframework.boot.autoconfigure.web.BasicErrorController.errorHtml(javax.servlet.http.HttpServletRequest,javax.servlet.http.HttpServletResponse)
2017-11-07 16:14:23.053  INFO 13016 --- [main] o.s.w.s.handler.SimpleUrlHandlerMapping  : Mapped URL path [/webjars/**] onto handler of type [class org.springframework.web.servlet.resource.ResourceHttpRequestHandler]
2017-11-07 16:14:23.053  INFO 13016 --- [main] o.s.w.s.handler.SimpleUrlHandlerMapping  : Mapped URL path [/**] onto handler of type [class org.springframework.web.servlet.resource.ResourceHttpRequestHandler]
2017-11-07 16:14:23.091  INFO 13016 --- [main] o.s.w.s.handler.SimpleUrlHandlerMapping  : Mapped URL path [/**/favicon.ico] onto handler of type [class org.springframework.web.servlet.resource.ResourceHttpRequestHandler]
2017-11-07 16:14:23.620  INFO 13016 --- [main] o.s.b.a.e.mvc.EndpointHandlerMapping     : Mapped "{[/heapdump || /heapdump.json],methods=[GET],produces=[application/octet-stream]}" onto public void org.springframework.boot.actuate.endpoint.mvc.HeapdumpMvcEndpoint.invoke(boolean,javax.servlet.http.HttpServletRequest,javax.servlet.http.HttpServletResponse) throws java.io.IOException,javax.servlet.ServletException
2017-11-07 16:14:23.621  INFO 13016 --- [main] o.s.b.a.e.mvc.EndpointHandlerMapping     : Mapped "{[/env],methods=[POST]}" onto public java.lang.Object org.springframework.cloud.context.environment.EnvironmentManagerMvcEndpoint.value(java.util.Map<java.lang.String, java.lang.String>)
2017-11-07 16:14:23.621  INFO 13016 --- [main] o.s.b.a.e.mvc.EndpointHandlerMapping     : Mapped "{[/env/reset],methods=[POST]}" onto public java.util.Map<java.lang.String, java.lang.Object> org.springframework.cloud.context.environment.EnvironmentManagerMvcEndpoint.reset()
2017-11-07 16:14:23.621  INFO 13016 --- [main] o.s.b.a.e.mvc.EndpointHandlerMapping     : Mapped "{[/restart || /restart.json],methods=[POST]}" onto public java.lang.Object org.springframework.cloud.context.restart.RestartMvcEndpoint.invoke()
2017-11-07 16:14:23.622  INFO 13016 --- [main] o.s.b.a.e.mvc.EndpointHandlerMapping     : Mapped "{[/info || /info.json],methods=[GET],produces=[application/vnd.spring-boot.actuator.v1+json || application/json]}" onto public java.lang.Object org.springframework.boot.actuate.endpoint.mvc.EndpointMvcAdapter.invoke()
2017-11-07 16:14:23.622  INFO 13016 --- [main] o.s.b.a.e.mvc.EndpointHandlerMapping     : Mapped "{[/dump || /dump.json],methods=[GET],produces=[application/vnd.spring-boot.actuator.v1+json || application/json]}" onto public java.lang.Object org.springframework.boot.actuate.endpoint.mvc.EndpointMvcAdapter.invoke()
2017-11-07 16:14:23.623  INFO 13016 --- [main] o.s.b.a.e.mvc.EndpointHandlerMapping     : Mapped "{[/autoconfig || /autoconfig.json],methods=[GET],produces=[application/vnd.spring-boot.actuator.v1+json || application/json]}" onto public java.lang.Object org.springframework.boot.actuate.endpoint.mvc.EndpointMvcAdapter.invoke()
2017-11-07 16:14:23.623  INFO 13016 --- [main] o.s.b.a.e.mvc.EndpointHandlerMapping     : Mapped "{[/routes || /routes.json],methods=[POST]}" onto public java.lang.Object org.springframework.cloud.netflix.zuul.RoutesMvcEndpoint.reset()
2017-11-07 16:14:23.623  INFO 13016 --- [main] o.s.b.a.e.mvc.EndpointHandlerMapping     : Mapped "{[/routes || /routes.json],methods=[GET],produces=[application/vnd.spring-boot.actuator.v1+json || application/json]}" onto public java.lang.Object org.springframework.boot.actuate.endpoint.mvc.EndpointMvcAdapter.invoke()
2017-11-07 16:14:23.624  INFO 13016 --- [main] o.s.b.a.e.mvc.EndpointHandlerMapping     : Mapped "{[/resume || /resume.json],methods=[POST]}" onto public java.lang.Object org.springframework.cloud.endpoint.GenericPostableMvcEndpoint.invoke()
2017-11-07 16:14:23.624  INFO 13016 --- [main] o.s.b.a.e.mvc.EndpointHandlerMapping     : Mapped "{[/env/{name:.*}],methods=[GET],produces=[application/vnd.spring-boot.actuator.v1+json || application/json]}" onto public java.lang.Object org.springframework.boot.actuate.endpoint.mvc.EnvironmentMvcEndpoint.value(java.lang.String)
2017-11-07 16:14:23.624  INFO 13016 --- [main] o.s.b.a.e.mvc.EndpointHandlerMapping     : Mapped "{[/env || /env.json],methods=[GET],produces=[application/vnd.spring-boot.actuator.v1+json || application/json]}" onto public java.lang.Object org.springframework.boot.actuate.endpoint.mvc.EndpointMvcAdapter.invoke()
2017-11-07 16:14:23.625  INFO 13016 --- [main] o.s.b.a.e.mvc.EndpointHandlerMapping     : Mapped "{[/configprops || /configprops.json],methods=[GET],produces=[application/vnd.spring-boot.actuator.v1+json || application/json]}" onto public java.lang.Object org.springframework.boot.actuate.endpoint.mvc.EndpointMvcAdapter.invoke()
2017-11-07 16:14:23.626  INFO 13016 --- [main] o.s.b.a.e.mvc.EndpointHandlerMapping     : Mapped "{[/archaius || /archaius.json],methods=[GET],produces=[application/vnd.spring-boot.actuator.v1+json || application/json]}" onto public java.lang.Object org.springframework.boot.actuate.endpoint.mvc.EndpointMvcAdapter.invoke()
2017-11-07 16:14:23.627  INFO 13016 --- [main] o.s.b.a.e.mvc.EndpointHandlerMapping     : Mapped "{[/auditevents || /auditevents.json],methods=[GET],produces=[application/vnd.spring-boot.actuator.v1+json || application/json]}" onto public org.springframework.http.ResponseEntity<?> org.springframework.boot.actuate.endpoint.mvc.AuditEventsMvcEndpoint.findByPrincipalAndAfterAndType(java.lang.String,java.util.Date,java.lang.String)
2017-11-07 16:14:23.627  INFO 13016 --- [main] o.s.b.a.e.mvc.EndpointHandlerMapping     : Mapped "{[/beans || /beans.json],methods=[GET],produces=[application/vnd.spring-boot.actuator.v1+json || application/json]}" onto public java.lang.Object org.springframework.boot.actuate.endpoint.mvc.EndpointMvcAdapter.invoke()
2017-11-07 16:14:23.627  INFO 13016 --- [main] o.s.b.a.e.mvc.EndpointHandlerMapping     : Mapped "{[/logfile || /logfile.json],methods=[GET || HEAD]}" onto public void org.springframework.boot.actuate.endpoint.mvc.LogFileMvcEndpoint.invoke(javax.servlet.http.HttpServletRequest,javax.servlet.http.HttpServletResponse) throws javax.servlet.ServletException,java.io.IOException
2017-11-07 16:14:23.628  INFO 13016 --- [main] o.s.b.a.e.mvc.EndpointHandlerMapping     : Mapped "{[/pause || /pause.json],methods=[POST]}" onto public java.lang.Object org.springframework.cloud.endpoint.GenericPostableMvcEndpoint.invoke()
2017-11-07 16:14:23.629  INFO 13016 --- [main] o.s.b.a.e.mvc.EndpointHandlerMapping     : Mapped "{[/metrics/{name:.*}],methods=[GET],produces=[application/vnd.spring-boot.actuator.v1+json || application/json]}" onto public java.lang.Object org.springframework.boot.actuate.endpoint.mvc.MetricsMvcEndpoint.value(java.lang.String)
2017-11-07 16:14:23.629  INFO 13016 --- [main] o.s.b.a.e.mvc.EndpointHandlerMapping     : Mapped "{[/metrics || /metrics.json],methods=[GET],produces=[application/vnd.spring-boot.actuator.v1+json || application/json]}" onto public java.lang.Object org.springframework.boot.actuate.endpoint.mvc.EndpointMvcAdapter.invoke()
2017-11-07 16:14:23.629  INFO 13016 --- [main] o.s.b.a.e.mvc.EndpointHandlerMapping     : Mapped "{[/refresh || /refresh.json],methods=[POST]}" onto public java.lang.Object org.springframework.cloud.endpoint.GenericPostableMvcEndpoint.invoke()
2017-11-07 16:14:23.630  INFO 13016 --- [main] o.s.b.a.e.mvc.EndpointHandlerMapping     : Mapped "{[/features || /features.json],methods=[GET],produces=[application/vnd.spring-boot.actuator.v1+json || application/json]}" onto public java.lang.Object org.springframework.boot.actuate.endpoint.mvc.EndpointMvcAdapter.invoke()
2017-11-07 16:14:23.630  INFO 13016 --- [main] o.s.b.a.e.mvc.EndpointHandlerMapping     : Mapped "{[/mappings || /mappings.json],methods=[GET],produces=[application/vnd.spring-boot.actuator.v1+json || application/json]}" onto public java.lang.Object org.springframework.boot.actuate.endpoint.mvc.EndpointMvcAdapter.invoke()
2017-11-07 16:14:23.631  INFO 13016 --- [main] o.s.b.a.e.mvc.EndpointHandlerMapping     : Mapped "{[/loggers/{name:.*}],methods=[GET],produces=[application/vnd.spring-boot.actuator.v1+json || application/json]}" onto public java.lang.Object org.springframework.boot.actuate.endpoint.mvc.LoggersMvcEndpoint.get(java.lang.String)
2017-11-07 16:14:23.631  INFO 13016 --- [main] o.s.b.a.e.mvc.EndpointHandlerMapping     : Mapped "{[/loggers/{name:.*}],methods=[POST],consumes=[application/vnd.spring-boot.actuator.v1+json || application/json],produces=[application/vnd.spring-boot.actuator.v1+json || application/json]}" onto public java.lang.Object org.springframework.boot.actuate.endpoint.mvc.LoggersMvcEndpoint.set(java.lang.String,java.util.Map<java.lang.String, java.lang.String>)
2017-11-07 16:14:23.632  INFO 13016 --- [main] o.s.b.a.e.mvc.EndpointHandlerMapping     : Mapped "{[/loggers || /loggers.json],methods=[GET],produces=[application/vnd.spring-boot.actuator.v1+json || application/json]}" onto public java.lang.Object org.springframework.boot.actuate.endpoint.mvc.EndpointMvcAdapter.invoke()
2017-11-07 16:14:23.632  INFO 13016 --- [main] o.s.b.a.e.mvc.EndpointHandlerMapping     : Mapped "{[/hystrix.stream/**]}" onto public org.springframework.web.servlet.ModelAndView org.springframework.cloud.netflix.endpoint.ServletWrappingEndpoint.handle(javax.servlet.http.HttpServletRequest,javax.servlet.http.HttpServletResponse) throws java.lang.Exception
2017-11-07 16:14:23.632  INFO 13016 --- [main] o.s.b.a.e.mvc.EndpointHandlerMapping     : Mapped "{[/health || /health.json],methods=[GET],produces=[application/vnd.spring-boot.actuator.v1+json || application/json]}" onto public java.lang.Object org.springframework.boot.actuate.endpoint.mvc.HealthMvcEndpoint.invoke(javax.servlet.http.HttpServletRequest,java.security.Principal)
2017-11-07 16:14:23.633  INFO 13016 --- [main] o.s.b.a.e.mvc.EndpointHandlerMapping     : Mapped "{[/trace || /trace.json],methods=[GET],produces=[application/vnd.spring-boot.actuator.v1+json || application/json]}" onto public java.lang.Object org.springframework.boot.actuate.endpoint.mvc.EndpointMvcAdapter.invoke()
2017-11-07 16:14:23.633  INFO 13016 --- [main] o.s.b.a.e.mvc.EndpointHandlerMapping     : Mapped "{[/service-registry/instance-status],methods=[GET]}" onto public org.springframework.http.ResponseEntity org.springframework.cloud.client.serviceregistry.endpoint.ServiceRegistryEndpoint.getStatus()
2017-11-07 16:14:23.633  INFO 13016 --- [main] o.s.b.a.e.mvc.EndpointHandlerMapping     : Mapped "{[/service-registry/instance-status],methods=[POST]}" onto public org.springframework.http.ResponseEntity<?> org.springframework.cloud.client.serviceregistry.endpoint.ServiceRegistryEndpoint.setStatus(java.lang.String)
2017-11-07 16:14:23.799  INFO 13016 --- [main] com.netflix.discovery.DiscoveryClient    : Shutting down DiscoveryClient ...
2017-11-07 16:14:23.811  INFO 13016 --- [main] com.netflix.discovery.DiscoveryClient    : Completed shut down of DiscoveryClient
2017-11-07 16:14:23.851  INFO 13016 --- [main] o.s.j.e.a.AnnotationMBeanExporter        : Registering beans for JMX exposure on startup
2017-11-07 16:14:23.857  INFO 13016 --- [main] o.s.j.e.a.AnnotationMBeanExporter        : Bean with name 'zuulEndpoint' has been autodetected for JMX exposure
2017-11-07 16:14:23.857  INFO 13016 --- [main] o.s.j.e.a.AnnotationMBeanExporter        : Bean with name 'zuulMvcEndpoint' has been autodetected for JMX exposure
2017-11-07 16:14:23.858  INFO 13016 --- [main] o.s.j.e.a.AnnotationMBeanExporter        : Bean with name 'environmentManager' has been autodetected for JMX exposure
2017-11-07 16:14:23.859  INFO 13016 --- [main] o.s.j.e.a.AnnotationMBeanExporter        : Bean with name 'configurationPropertiesRebinder' has been autodetected for JMX exposure
2017-11-07 16:14:23.860  INFO 13016 --- [main] o.s.j.e.a.AnnotationMBeanExporter        : Bean with name 'refreshEndpoint' has been autodetected for JMX exposure
2017-11-07 16:14:23.860  INFO 13016 --- [main] o.s.j.e.a.AnnotationMBeanExporter        : Bean with name 'restartEndpoint' has been autodetected for JMX exposure
2017-11-07 16:14:23.861  INFO 13016 --- [main] o.s.j.e.a.AnnotationMBeanExporter        : Bean with name 'serviceRegistryEndpoint' has been autodetected for JMX exposure
2017-11-07 16:14:23.861  INFO 13016 --- [main] o.s.j.e.a.AnnotationMBeanExporter        : Bean with name 'refreshScope' has been autodetected for JMX exposure
2017-11-07 16:14:23.863  INFO 13016 --- [main] o.s.j.e.a.AnnotationMBeanExporter        : Located managed bean 'zuulMvcEndpoint': registering with JMX server as MBean [org.springframework.cloud.netflix.zuul:name=zuulMvcEndpoint,type=RoutesMvcEndpoint]
2017-11-07 16:14:23.871  INFO 13016 --- [main] o.s.j.e.a.AnnotationMBeanExporter        : Located managed bean 'environmentManager': registering with JMX server as MBean [org.springframework.cloud.context.environment:name=environmentManager,type=EnvironmentManager]
2017-11-07 16:14:23.874  INFO 13016 --- [main] o.s.j.e.a.AnnotationMBeanExporter        : Located managed bean 'restartEndpoint': registering with JMX server as MBean [org.springframework.cloud.context.restart:name=restartEndpoint,type=RestartEndpoint]
2017-11-07 16:14:23.881  INFO 13016 --- [main] o.s.j.e.a.AnnotationMBeanExporter        : Located managed bean 'serviceRegistryEndpoint': registering with JMX server as MBean [org.springframework.cloud.client.serviceregistry.endpoint:name=serviceRegistryEndpoint,type=ServiceRegistryEndpoint]
2017-11-07 16:14:23.884  INFO 13016 --- [main] o.s.j.e.a.AnnotationMBeanExporter        : Located managed bean 'refreshScope': registering with JMX server as MBean [org.springframework.cloud.context.scope.refresh:name=refreshScope,type=RefreshScope]
2017-11-07 16:14:23.890  INFO 13016 --- [main] o.s.j.e.a.AnnotationMBeanExporter        : Located managed bean 'zuulEndpoint': registering with JMX server as MBean [org.springframework.cloud.netflix.zuul:name=zuulEndpoint,type=RoutesEndpoint]
2017-11-07 16:14:23.890  WARN 13016 --- [main] o.s.j.e.a.AnnotationMBeanExporter        : Bean with key 'zuulEndpoint' has been registered as an MBean but has no exposed attributes or operations
2017-11-07 16:14:23.891  INFO 13016 --- [main] o.s.j.e.a.AnnotationMBeanExporter        : Located managed bean 'configurationPropertiesRebinder': registering with JMX server as MBean [org.springframework.cloud.context.properties:name=configurationPropertiesRebinder,context=6edcad64,type=ConfigurationPropertiesRebinder]
2017-11-07 16:14:23.894  INFO 13016 --- [main] o.s.j.e.a.AnnotationMBeanExporter        : Located managed bean 'refreshEndpoint': registering with JMX server as MBean [org.springframework.cloud.endpoint:name=refreshEndpoint,type=RefreshEndpoint]
2017-11-07 16:14:24.045  INFO 13016 --- [main] o.s.c.support.DefaultLifecycleProcessor  : Starting beans in phase 0
2017-11-07 16:14:24.048  INFO 13016 --- [main] o.s.c.n.eureka.InstanceInfoFactory       : Setting initial instance status as: STARTING
2017-11-07 16:14:24.058  INFO 13016 --- [main] com.netflix.discovery.DiscoveryClient    : Initializing Eureka in region us-east-1
2017-11-07 16:14:24.061  INFO 13016 --- [main] c.n.d.provider.DiscoveryJerseyProvider   : Using JSON encoding codec LegacyJacksonJson
2017-11-07 16:14:24.061  INFO 13016 --- [main] c.n.d.provider.DiscoveryJerseyProvider   : Using JSON decoding codec LegacyJacksonJson
2017-11-07 16:14:24.061  INFO 13016 --- [main] c.n.d.provider.DiscoveryJerseyProvider   : Using XML encoding codec XStreamXml
2017-11-07 16:14:24.061  INFO 13016 --- [main] c.n.d.provider.DiscoveryJerseyProvider   : Using XML decoding codec XStreamXml
2017-11-07 16:14:24.094  INFO 13016 --- [main] c.n.d.s.r.aws.ConfigClusterResolver      : Resolving eureka endpoints via configuration
2017-11-07 16:14:24.094  INFO 13016 --- [main] com.netflix.discovery.DiscoveryClient    : Disable delta property : false
2017-11-07 16:14:24.095  INFO 13016 --- [main] com.netflix.discovery.DiscoveryClient    : Single vip registry refresh property : null
2017-11-07 16:14:24.095  INFO 13016 --- [main] com.netflix.discovery.DiscoveryClient    : Force full registry fetch : false
2017-11-07 16:14:24.095  INFO 13016 --- [main] com.netflix.discovery.DiscoveryClient    : Application is null : false
2017-11-07 16:14:24.095  INFO 13016 --- [main] com.netflix.discovery.DiscoveryClient    : Registered Applications size is zero : true
2017-11-07 16:14:24.095  INFO 13016 --- [main] com.netflix.discovery.DiscoveryClient    : Application version is -1: true
2017-11-07 16:14:24.095  INFO 13016 --- [main] com.netflix.discovery.DiscoveryClient    : Getting all instance registry info from the eureka server
2017-11-07 16:14:24.099  INFO 13016 --- [main] com.netflix.discovery.DiscoveryClient    : The response status is 200
2017-11-07 16:14:24.100  INFO 13016 --- [main] com.netflix.discovery.DiscoveryClient    : Starting heartbeat executor: renew interval is: 30
2017-11-07 16:14:24.102  INFO 13016 --- [main] c.n.discovery.InstanceInfoReplicator     : InstanceInfoReplicator onDemand update allowed rate per min is 4
2017-11-07 16:14:24.103  INFO 13016 --- [main] com.netflix.discovery.DiscoveryClient    : Discovery Client initialized at timestamp 1510042464103 with initial instances count: 2
2017-11-07 16:14:24.152  INFO 13016 --- [main] o.s.c.n.e.s.EurekaServiceRegistry        : Registering application xxpay-gateway with eureka with status UP
2017-11-07 16:14:24.153  INFO 13016 --- [main] com.netflix.discovery.DiscoveryClient    : Saw local status change event StatusChangeEvent [timestamp=1510042464153, current=UP, previous=STARTING]
2017-11-07 16:14:24.154  INFO 13016 --- [DiscoveryClient-InstanceInfoReplicator-0] com.netflix.discovery.DiscoveryClient    : DiscoveryClient_XXPAY-GATEWAY/User-PC:xxpay-gateway:3020: registering service...
2017-11-07 16:14:24.177  INFO 13016 --- [DiscoveryClient-InstanceInfoReplicator-0] com.netflix.discovery.DiscoveryClient    : DiscoveryClient_XXPAY-GATEWAY/User-PC:xxpay-gateway:3020 - registration status: 204
2017-11-07 16:14:24.191  INFO 13016 --- [main] o.s.c.support.DefaultLifecycleProcessor  : Starting beans in phase 2147483647
2017-11-07 16:14:24.193  INFO 13016 --- [main] ration$HystrixMetricsPollerConfiguration : Starting poller
2017-11-07 16:14:24.241  INFO 13016 --- [main] s.b.c.e.t.TomcatEmbeddedServletContainer : Tomcat started on port(s): 3020 (http)
2017-11-07 16:14:24.242  INFO 13016 --- [main] .s.c.n.e.s.EurekaAutoServiceRegistration : Updating port to 3020
2017-11-07 16:14:24.245  INFO 13016 --- [main] org.xxpay.XxPayGatewayApplication        : Started XxPayGatewayApplication in 6.604 seconds (JVM running for 6.913)
2017-11-07 16:19:24.123  INFO 13016 --- [AsyncResolver-bootstrap-executor-0] c.n.d.s.r.aws.ConfigClusterResolver      : Resolving eureka endpoints via configuration
2017-11-07 16:24:24.150  INFO 13016 --- [AsyncResolver-bootstrap-executor-0] c.n.d.s.r.aws.ConfigClusterResolver      : Resolving eureka endpoints via configuration
2017-11-07 16:29:24.177  INFO 13016 --- [AsyncResolver-bootstrap-executor-0] c.n.d.s.r.aws.ConfigClusterResolver      : Resolving eureka endpoints via configuration
2017-11-07 16:34:24.205  INFO 13016 --- [AsyncResolver-bootstrap-executor-0] c.n.d.s.r.aws.ConfigClusterResolver      : Resolving eureka endpoints via configuration
2017-11-07 16:39:24.233  INFO 13016 --- [AsyncResolver-bootstrap-executor-0] c.n.d.s.r.aws.ConfigClusterResolver      : Resolving eureka endpoints via configuration
2017-11-07 16:44:24.260  INFO 13016 --- [AsyncResolver-bootstrap-executor-0] c.n.d.s.r.aws.ConfigClusterResolver      : Resolving eureka endpoints via configuration
